Purpose: Steps taken to configure an AWS EC2 instance as a
         development environment.  Since this is a work related
         system, I have to be a bit dodgy about some of the details.
         As such, I won't go into the AWS Console steps needed
         to create this system.

         AWS Linux seems to be a Redhat derivative.

2020-03-05:
  Add a user with sudo privaleges
    # useradd -c"Geoffrey Scheller" -m geoff
    # usermod -aG wheel geoff
    # yum install git -y

2020-03-05:
  Configure GIT
    # su - geoff
    $ git config --global user.name "Geoffrey.scheller"
    $ git config --global user.email geoffrey.scheller.1@us.af.mil
    $ git config --global core.editor vim

  Install my GitHub repo
    $ mkdir ~/devel; cd ~/devel
    $ git clone https://github.com/grscheller/scheller-linux-archive
    $ cd scheller-linux-archive
    $ git config user.email geoffrey@scheller.com
    $ git config user.name grscheller 
