MSYS2 Admin log for installing on Windows 10.

2019-04-03:
  After having used GIT-for-Windows for a while, I decided to install
  MSYS2 directly.

  See ../notes/Win10EnvConf/msys2factoids.md for my notes on MSYS2.

  Downloaded 64-bit installation exe from here: https://www.msys2.org/

  Had to run Pacman to upgrade twice, the first one told me to close
  all Msys2 shells/windows.  Now get

    $ pacman -Syu
    :: Synchronizing package databases...
     mingw32 is up to date
     mingw64 is up to date
     msys is up to date
    :: Starting core system upgrade...
     there is nothing to do
    :: Starting full system upgrade...
     there is nothing to do
    
  Seem to be missing some items: gcc, git, vim

2019-04-03:
  Lets install the GCC toolchain for both MSYS and MINGW64:

    $ pacman -Ss gcc
    mingw32/mingw-w64-i686-gcc 7.4.0-1 (mingw-w64-i686-toolchain)
        GNU Compiler Collection (C,C++,OpenMP) for MinGW-w64
    mingw32/mingw-w64-i686-gcc-ada 7.4.0-1 (mingw-w64-i686-toolchain)
        GNU Compiler Collection (Ada) for MinGW-w64
    mingw32/mingw-w64-i686-gcc-fortran 7.4.0-1 (mingw-w64-i686-toolchain)
        GNU Compiler Collection (Fortran) for MinGW-w64
    mingw32/mingw-w64-i686-gcc-libgfortran 7.4.0-1 (mingw-w64-i686-toolchain)
        GNU Compiler Collection (libgfortran) for MinGW-w64
    mingw32/mingw-w64-i686-gcc-libs 7.4.0-1 (mingw-w64-i686-toolchain)
        GNU Compiler Collection (libraries) for MinGW-w64
    mingw32/mingw-w64-i686-gcc-objc 7.4.0-1 (mingw-w64-i686-toolchain)
        GNU Compiler Collection (ObjC,Obj-C++) for MinGW-w64
    mingw32/mingw-w64-i686-lcov 1.13-2
        front-end for GCC's coverage testing tool gcov
    mingw32/mingw-w64-i686-perl 5.28.0-1
        A highly capable, feature-rich programming language (mingw-w64)
    mingw64/mingw-w64-x86_64-gcc 8.3.0-2 (mingw-w64-x86_64-toolchain)
        GNU Compiler Collection (C,C++,OpenMP) for MinGW-w64
    mingw64/mingw-w64-x86_64-gcc-ada 8.3.0-2 (mingw-w64-x86_64-toolchain)
        GNU Compiler Collection (Ada) for MinGW-w64
    mingw64/mingw-w64-x86_64-gcc-fortran 8.3.0-2 (mingw-w64-x86_64-toolchain)
        GNU Compiler Collection (Fortran) for MinGW-w64
    mingw64/mingw-w64-x86_64-gcc-libgfortran 8.3.0-2 (mingw-w64-x86_64-toolchain)
        GNU Compiler Collection (libgfortran) for MinGW-w64
    mingw64/mingw-w64-x86_64-gcc-libs 8.3.0-2 (mingw-w64-x86_64-toolchain)
        GNU Compiler Collection (libraries) for MinGW-w64
    mingw64/mingw-w64-x86_64-gcc-objc 8.3.0-2 (mingw-w64-x86_64-toolchain)
        GNU Compiler Collection (ObjC,Obj-C++) for MinGW-w64
    mingw64/mingw-w64-x86_64-lcov 1.13-2
        front-end for GCC's coverage testing tool gcov
    mingw64/mingw-w64-x86_64-perl 5.28.0-1
        A highly capable, feature-rich programming language (mingw-w64)
    msys/gcc 7.4.0-1 (msys2-devel)
        The GNU Compiler Collection - C and C++ frontends
    msys/gcc-fortran 7.4.0-1 (msys2-devel)
        Fortran front-end for GCC
    msys/gcc-libs 7.4.0-1 (base) [installed]
        Runtime libraries shipped by GCC
    msys/mingw-w64-cross-gcc 7.3.0-2 (mingw-w64-cross-toolchain mingw-w64-cross)
        Cross GCC for the MinGW-w64

  First go after the MSYS stuff first:

    $ pacman -Syu gcc
    :: Synchronizing package databases...
     mingw32 is up to date
     mingw64 is up to date
     msys is up to date
    :: Starting core system upgrade...
     there is nothing to do
    :: Starting full system upgrade...
    resolving dependencies...
    looking for conflicting packages...
    
    Packages (8) binutils-2.30-1  isl-0.19-1  mpc-1.1.0-1  msys2-runtime-devel-2.11.2-1
                 msys2-w32api-headers-6.0.0.5223.7f9d8753-1
                 msys2-w32api-runtime-6.0.0.5223.7f9d8753-1
                 windows-default-manifest-6.4-1  gcc-7.4.0-1
    
    Total Download Size:    40.27 MiB
    Total Installed Size:  272.85 MiB
    
    :: Proceed with installation? [Y/n]
    :: Retrieving packages...
     binutils-2.30-1-x86_64                                   4.6 MiB   852K/s 00:05 [#####################] 100%
     isl-0.19-1-x86_64                                      485.7 KiB  1376K/s 00:00 [#####################] 100%
     mpc-1.1.0-1-x86_64                                      74.1 KiB  1015K/s 00:00 [#####################] 100%
     msys2-runtime-devel-2.11.2-1-x86_64                      4.5 MiB   516K/s 00:09 [#####################] 100%
     msys2-w32api-headers-6.0.0.5223.7f9d8753-1-x86_64        4.7 MiB   534K/s 00:09 [#####################] 100%
     msys2-w32api-runtime-6.0.0.5223.7f9d8753-1-x86_64     1793.2 KiB   509K/s 00:04 [#####################] 100%
     windows-default-man$ pacman -Syu gcc
    :: Synchronizing package databases...
     mingw32 is up to date
     mingw64 is up to date
     msys is up to date
    :: Starting core system upgrade...
     there is nothing to do
    :: Starting full system upgrade...
    resolving dependencies...
    looking for conflicting packages...
    
    Packages (8) binutils-2.30-1  isl-0.19-1  mpc-1.1.0-1  msys2-runtime-devel-2.11.2-1
                 msys2-w32api-headers-6.0.0.5223.7f9d8753-1
                 msys2-w32api-runtime-6.0.0.5223.7f9d8753-1
                 windows-default-manifest-6.4-1  gcc-7.4.0-1
    
    Total Download Size:    40.27 MiB
    Total Installed Size:  272.85 MiB
    
    :: Proceed with installation? [Y/n]
    :: Retrieving packages...
     binutils-2.30-1-x86_64                                   4.6 MiB   852K/s 00:05 [#####################] 100%
     isl-0.19-1-x86_64                                      485.7 KiB  1376K/s 00:00 [#####################] 100%
     mpc-1.1.0-1-x86_64                                      74.1 KiB  1015K/s 00:00 [#####################] 100%
     msys2-runtime-devel-2.11.2-1-x86_64                      4.5 MiB   516K/s 00:09 [#####################] 100%
     msys2-w32api-headers-6.0.0.5223.7f9d8753-1-x86_64        4.7 MiB   534K/s 00:09 [#####################] 100%
     msys2-w32api-runtime-6.0.0.5223.7f9d8753-1-x86_64     1793.2 KiB   509K/s 00:04 [#####################] 100%
     windows-default-manifest-6.4-1-x86_64                 1388.0   B  16.5K/s 00:00 [#####################] 100%

     gcc-7.4.0-1-x86_64                                      24.3 MiB   730K/s 00:34 [#####################] 100%
    (8/8) checking keys in keyring                                                   [#####################] 100%
    (8/8) checking package integrity                                                 [#####################] 100%
    (8/8) loading package files                                                      [#####################] 100%
    (8/8) checking for file conflicts                                                [#####################] 100%
    (8/8) checking available disk space                                              [#####################] 100%
    :: Processing package changes...
    (1/8) installing binutils                                                        [#####################] 100%
    (2/8) installing isl                                                             [#####################] 100%
    (3/8) installing mpc                                                             [#####################] 100%
    (4/8) installing msys2-runtime-devel                                             [#####################] 100%
    (5/8) installing msys2-w32api-headers                                            [#####################] 100%
    (6/8) installing ms$ pacman -Syu gcc
    :: Synchronizing package databases...
     mingw32 is up to date
     mingw64 is up to date
     msys is up to date
    :: Starting core system upgrade...
     there is nothing to do
    :: Starting full system upgrade...
    resolving dependencies...
    looking for conflicting packages...

    Packages (8) binutils-2.30-1  isl-0.19-1  mpc-1.1.0-1  msys2-runtime-devel-2.11.2-1
                 msys2-w32api-headers-6.0.0.5223.7f9d8753-1
                 msys2-w32api-runtime-6.0.0.5223.7f9d8753-1
                 windows-default-manifest-6.4-1  gcc-7.4.0-1

    Total Download Size:    40.27 MiB
    Total Installed Size:  272.85 MiB

    :: Proceed with installation? [Y/n]
    :: Retrieving packages...
     binutils-2.30-1-x86_64                                   4.6 MiB   852K/s 00:05 [#####################] 100%
     isl-0.19-1-x86_64                                      485.7 KiB  1376K/s 00:00 [#####################] 100%
     mpc-1.1.0-1-x86_64                                      74.1 KiB  1015K/s 00:00 [#####################] 100%
     msys2-runtime-devel-2.11.2-1-x86_64                      4.5 MiB   516K/s 00:09 [#####################] 100%
     msys2-w32api-headers-6.0.0.5223.7f9d8753-1-x86_64        4.7 MiB   534K/s 00:09 [#####################] 100%
     msys2-w32api-runtime-6.0.0.5223.7f9d8753-1-x86_64     1793.2 KiB   509K/s 00:04 [#####################] 100%
     windows-default-manifest-6.4-1-x86_64                 1388.0   B  16.5K/s 00:00 [#####################] 100%
     gcc-7.4.0-1-x86_64                                      24.3 MiB   730K/s 00:34 [#####################] 100%
    (8/8) checking keys in keyring                                                   [#####################] 100%
    (8/8) checking package integrity                                                 [#####################] 100%
    (8/8) loading package files                                                      [#####################] 100%
    (8/8) checking for file conflicts                                                [#####################] 100%
    (8/8) checking available disk space                                              [#####################] 100%
    :: Processing package changes...
    (1/8) installing binutils                                                        [#####################] 100%
    (2/8) installing isl                                                             [#####################] 100%
    (3/8) installing mpc                                                             [#####################] 100%
    (4/8) installing msys2-runtime-devel                                             [#####################] 100%
    (5/8) installing msys2-w32api-headers                                            [#####################] 100%
    (6/8) installing msys2-w32api-runtime                                            [#####################] 100%
    (7/8) installing windows-default-manifest                                        [#####################] 100%
    (8/8) installing gccys2-w32api-runtime                                           [#####################] 100%
    (7/8) installing windows-default-manifest                                        [#####################] 100%
    (8/8) installing gccifest-6.4-1-x86_6                 41388.0   B  16.5K/s 00:00 [#####################] 100%
     gcc-7.4.0-1-x86_64                                      24.3 MiB   730K/s 00:34 [#####################] 100%
    (8/8) checking keys in keyring                                                   [#####################] 100%
    (8/8) checking package integrity                                                 [#####################] 100%
    (8/8) loading package files                                                      [#####################] 100%
    (8/8) checking for file conflicts                                                [#####################] 100%
    (8/8) checking available disk space                                              [#####################] 100%
    :: Processing package changes...
    (1/8) installing binutils                                                        [#####################] 100%
    (2/8) installing isl                                                             [#####################] 100%
    (3/8) installing mpc                                                             [#####################] 100%
    (4/8) installing msys2-runtime-devel                                             [#####################] 100%
    (5/8) installing msys2-w32api-headers                                            [#####################] 100%
    (6/8) installing msys2-w32api-runtime                                            [#####################] 100%
    (7/8) installing windows-default-manifest                                        [#####################] 100%
    (8/8) installing gcc

  I could have also have done this too

    $ pacman -Syu msys/gcc
    :: Synchronizing package databases...
     mingw32 is up to date
     mingw64 is up to date
     msys is up to date
    warning: gcc-7.4.0-1 is up to date -- reinstalling
    :: Starting core system upgrade...
     there is nothing to do
    :: Starting full system upgrade...
    resolving dependencies...
    looking for conflicting packages...
    
    Packages (1) gcc-7.4.0-1
    
    Total Installed Size:  101.01 MiB
    Net Upgrade Size:        0.00 MiB
    
    :: Proceed with installation? [Y/n] n

  Now repeat for MINGW64 environment, still running pacman from MSYS environment,

    $ pacman -Syu mingw64/mingw-w64-x86_64-gcc
    :: Synchronizing package databases...
     mingw32 is up to date
     mingw64 is up to date
     msys is up to date
    :: Starting core system upgrade...
     there is nothing to do
    :: Starting full system upgrade...
    resolving dependencies...
    looking for conflicting packages...
    
    Packages (15) mingw-w64-x86_64-binutils-2.30-5  mingw-w64-x86_64-bzip2-1.0.6-6
                  mingw-w64-x86_64-crt-git-7.0.0.5333.8e90a421-1
                  mingw-w64-x86_64-gcc-libs-8.3.0-2  mingw-w64-x86_64-gmp-6.1.2-1
                  mingw-w64-x86_64-headers-git-7.0.0.5333.8e90a421-1

                  mingw-w64-x86_64-isl-0.19-1  mingw-w64-x86_64-libiconv-1.15-3
                  mingw-w64-x86_64-libwinpthread-git-7.0.0.5325.11a5459d-1
                  mingw-w64-x86_64-mpc-1.1.0-1  mingw-w64-x86_64-mpfr-4.0.2-2
                  mingw-w64-x86_64-windows-default-manifest-6.4-3
                  mingw-w64-x86_64-winpthreads-git-7.0.0.5325.11a5459d-1
                  mingw-w64-x86_64-zlib-1.2.11-5  mingw-w64-x86_64-gcc-8.3.0-2
    

    Total Download Size:    53.94 MiB
    Total Installed Size:  373.37 MiB
    
    :: Proceed with installation? [Y/n]
    :: Retrieving packages...
     mingw-w64-x86_64-li...   616.3 KiB  1707K/s 00:00 [#####################] 100%
     mingw-w64-x86_64-gm...   486.0 KiB  2.27M/s 00:00 [#####################] 100%
     mingw-w64-x86_64-mp...   345.9 KiB  2.21M/s 00:00 [#####################] 100%
     mingw-w64-x86_64-mp...    78.9 KiB  1488K/s 00:00 [#####################] 100%
     mingw-w64-x86_64-li...    44.0 KiB   815K/s 00:00 [#####################] 100%
     mingw-w64-x86_64-gc...   581.5 KiB  2.20M/s 00:00 [#####################] 100%
     mingw-w64-x86_64-bz...    81.3 KiB  1564K/s 00:00 [#####################] 100%
     mingw-w64-x86_64-zl...   177.8 KiB  3.05M/s 00:00 [#####################] 100%
     mingw-w64-x86_64-bi...    14.1 MiB  2.43M/s 00:06 [#####################] 100%
     mingw-w64-x86_64-he...     5.1 MiB  2.43M/s 00:02 [#####################] 100%

     mingw-w64-x86_64-cr...     3.0 MiB  2.70M/s 00:01 [#####################] 100%
     mingw-w64-x86_64-is...   573.2 KiB  3.09M/s 00:00 [#####################] 100%
     mingw-w64-x86_64-wi...    12.9 KiB   201K/s 00:00 [#####################] 100%
     mingw-w64-x86_64-wi...    52.9 KiB  1018K/s 00:00 [#####################] 100%
     mingw-w64-x86_64-gc...    28.7 MiB  2.81M/s 00:10 [#####################] 100%
    (15/15) checking keys in keyring                   [#####################] 100%
    (15/15) checking package integrity                 [#####################] 100%
    (15/15) loading package files                      [#####################] 100%
    (15/15) checking for file conflicts                [#####################] 100%
    (15/15) checking available disk space              [#####################] 100%
    :: Processing package changes...
    ( 1/15) installing mingw-w64-x86_64-libiconv       [#####################] 100%
    ( 2/15) installing mingw-w64-x86_64-gmp            [#####################] 100%
    ( 3/15) installing mingw-w64-x86_64-mpfr           [#####################] 100%
    ( 4/15) installing mingw-w64-x86_64-mpc            [#####################] 100%
    ( 5/15) installing mingw-w64-x86_64-libwinpthr...  [#####################] 100%
    ( 6/15) installing mingw-w64-x86_64-gcc-libs       [#####################] 100%
    ( 7/15) installing mingw-w64-x86_64-bzip2          [#####################] 100%
    ( 8/15) installing mingw-w64-x86_64-zlib           [#####################] 100%
    ( 9/15) installing mingw-w64-x86_64-binutils       [#####################] 100%
    (10/15) installing mingw-w64-x86_64-headers-git    [#####################] 100%
    (11/15) installing mingw-w64-x86_64-crt-git        [#####################] 100%
    (12/15) installing mingw-w64-x86_64-isl            [#####################] 100%
    (13/15) installing mingw-w64-x86_64-windows-de...  [#####################] 100%
    (14/15) installing mingw-w64-x86_64-winpthread...  [#####################] 100%

    (15/15) installing mingw-w64-x86_64-gcc

  OK, to install a package, use

    $ pacman -S[yu] [<msys|mingw64|mingw32>/]<package-nmae>

  Looks like the package name alone encodes which subsystem,
  MSYS, MINGW64, or MINGW32.

2019-04-04:
  Compare gcc on MSYS2 and MINGw64:

    (MSYS)$ gcc --version
    gcc (GCC) 7.4.0
    Copyright (C) 2017 Free Software Foundation, Inc.
    This is free software; see the source for copying conditions.  There is NO
    warranty; not even for MERCHANTABILITY or FITNESS FOR A PARTICULAR PURPOSE
    
    (MINGW64)$ gcc --version
    gcc.exe (Rev2, Built by MSYS2 project) 8.3.0
    Copyright (C) 2018 Free Software Foundation, Inc.
    This is free software; see the source for copying conditions.  There is NO
    warranty; not even for MERCHANTABILITY or FITNESS FOR A PARTICULAR PURPOSE

2019-04-04:
  Install some more tools, from now on I will only refer to the
  MSYS and MINGW64 environments and MSYS2 for the entire system.

  Start with vim,

     (MSYS)$ pacman -Ss vim
     msys/vim 8.1.0877-1 (editors)
     msys/vimpager 2.06-1
         Use ViM as PAGER
     msys/vimpager-git r279.bc5548d-1
         Use ViM as PAGER

  Only has MSYS of vim, I guess a MING64 version not needed since
  totally ported Windows port of VIM exist.  Install it.
     
     (MSYS)$ pacman -S vim`
     ...

  Let's see what there is GIT-wise:

    (MSYS)$ pacman -Ss git | grep -v '^    ' | grep -F '/git'
    msys/git 2.21.0-1 (VCS)
    msys/git-bzr-ng-git r61.9878a30-1
    msys/git-extras-git 4.3.0-1
    msys/git-flow 1.12.0-1

  Install first and third,

    (MSYS)$ pacman -Syu msys/git msys/git-extras-git
    ...

2019-04-04:
  MSYS2 DOES NOT SUPPORT CYGWIN STYLE SIMLINKS!!!  And the
  plan is never to support them.

  I discovered this while tring to create an ~/opt symlink.

  Am I supoosed to have two copies of Anaconda hanging
  around?  Under MSYS "ln -s" silently just COPIES THE FILES.
  If "ln -s" should just fail, not do a copy.  Bad choice.

  Hardlinking of files supported, at least on NTFS
  file system.

  Some info on work-arounds can be found here:

    https://www.joshkel.com/2018/01/18/symlinks-in-windows/

2019-04-05:
  Let's go native and empower users to create native
  Windows 10 NTFS symlinks.

  To allow regular users to create NTFS symlinks, need to
  put Windows 10 into "Developer Mode"

    1. Open Settings App
    2. Start typing "developer settings" into search box
    3. Select "Developer Settings"
    4. Push "Developer mode" radio button

  Windows will try and scare you off, but after you confirn,
  will download and install a bunch of stuff.  

  Next updates .bashrc to tell MSYS2 to create native NTFS
  symlinks:

    export MSYS=winsymlinks:nativestrict

  Similarly, for CygWin,

    export CYGWIN=winsymlinks:nativestrict

  Under cmd.exe, the built in command mklink creates
  symbolic links:

    > mklink theLink theTarget

  exactly backwards to POSIX "ln -s theTarget theLink".
  Also, theTarget has to exist.  Care will be now needed
  with archive and version control utilities to ensure
  files are created before links.

  Rebooted system (stuff got installed on reboot)

  Created NTFS symlink
     /home/scotch/opt  ->  /c/Users/scotch/opt

  Was able to activate the pytorch Anaconda environment
  and run a CUDA enabled program all within a MSYS2 bash
  shell.

2019-04-05:
  Repeated above, same date, for CYGWIN environment.

2019-04-08:
  Installed diffutils

    $ pacman -Syu msys/diffutils mingw64/mingw-w64-x86_64-diffutils

  Lets see what libraries each links to,

    $ ldd /bin/diff
        ntdll.dll => /c/WINDOWS/SYSTEM32/ntdll.dll (0x7ffe98600000)
        KERNEL32.DLL => /c/WINDOWS/System32/KERNEL32.DLL (0x7ffe95da0000)
        KERNELBASE.dll => /c/WINDOWS/System32/KERNELBASE.dll (0x7ffe949d0000)
        msys-intl-8.dll => /usr/bin/msys-intl-8.dll (0x430b30000)
        msys-iconv-2.dll => /usr/bin/msys-iconv-2.dll (0x5603f0000)
        msys-2.0.dll => /usr/bin/msys-2.0.dll (0x180040000)

    $ ldd /mingw64/bin/diff
        ntdll.dll => /c/WINDOWS/SYSTEM32/ntdll.dll (0x7ffe98600000)
        KERNEL32.DLL => /c/WINDOWS/System32/KERNEL32.DLL (0x7ffe95da0000)
        KERNELBASE.dll => /c/WINDOWS/System32/KERNELBASE.dll (0x7ffe949d0000)
        msvcrt.dll => /c/WINDOWS/System32/msvcrt.dll (0x7ffe95a50000)
        USER32.dll => /c/WINDOWS/System32/USER32.dll (0x7ffe96f30000)
        win32u.dll => /c/WINDOWS/System32/win32u.dll (0x7ffe948a0000)
        libwinpthread-1.dll => /mingw64/bin/libwinpthread-1.dll (0x64940000)
        GDI32.dll => /c/WINDOWS/System32/GDI32.dll (0x7ffe95d70000)
        gdi32full.dll => /c/WINDOWS/System32/gdi32full.dll (0x7ffe94d60000)
        msvcp_win.dll => /c/WINDOWS/System32/msvcp_win.dll (0x7ffe94cc0000)
        ucrtbase.dll => /c/WINDOWS/System32/ucrtbase.dll (0x7ffe94720000)
        libiconv-2.dll => /mingw64/bin/libiconv-2.dll (0x66000000)
        libintl-8.dll => /mingw64/bin/libintl-8.dll (0x61cc0000)
        libsigsegv-2.dll => /mingw64/bin/libsigsegv-2.dll (0x6c500000)
        ADVAPI32.dll => /c/WINDOWS/System32/ADVAPI32.dll (0x7ffe96040000)
        sechost.dll => /c/WINDOWS/System32/sechost.dll (0x7ffe96c30000)
        RPCRT4.dll => /c/WINDOWS/System32/RPCRT4.dll (0x7ffe96960000)

2020-10-17:
  Some system shake ups.

  Tried to install SBT the windows way from https://www.scala-sbt.org/ but
  Windows did not want me t install it because the MSI file was not from
  the "Microsoft Store."  Loosing this up in Settings did not work.

  So, will install it locally into ~/opt via zip file,

  Downloaded sbt-1.4.0.zip to ~/opt

    $ pacman -S zip unzip
    $ cd ~/opt
    $ unzip sbt-1.4.0.zip

  Need also to put java on $PATH, located here:
  '/c/Program Files (x86)/Common Files/Oracle/Java/javapath'

2020-10-17:
  Desided to completely uninstall Cygwin.

  First, shut down all Cygwin processes, then
  from Windows command prompt,

    > cd C:\
    > takeown /r /d y /f cygwin
    > icacls cygwin /t /grant Everyone:F
    > rmdir /s /q cygwin
